[0.020s] Invoking command in '/home/sukihan/RMhomework/answer/build/answer': CMAKE_PREFIX_PATH=/opt/ros/humble /usr/bin/cmake /home/sukihan/RMhomework/answer -DCMAKE_INSTALL_PREFIX=/home/sukihan/RMhomework/answer/install/answer
[0.144s] -- The C compiler identification is GNU 11.4.0
[0.261s] -- The CXX compiler identification is GNU 11.4.0
[0.275s] -- Detecting C compiler ABI info
[0.409s] -- Detecting C compiler ABI info - done
[0.421s] -- Check for working C compiler: /usr/bin/cc - skipped
[0.421s] -- Detecting C compile features
[0.422s] -- Detecting C compile features - done
[0.427s] -- Detecting CXX compiler ABI info
[0.585s] -- Detecting CXX compiler ABI info - done
[0.595s] -- Check for working CXX compiler: /usr/bin/c++ - skipped
[0.596s] -- Detecting CXX compile features
[0.596s] -- Detecting CXX compile features - done
[0.608s] -- Found ament_cmake: 1.3.8 (/opt/ros/humble/share/ament_cmake/cmake)
[0.908s] -- Found Python3: /usr/bin/python3 (found version "3.10.12") found components: Interpreter 
[1.052s] -- Found rclcpp: 16.0.8 (/opt/ros/humble/share/rclcpp/cmake)
[1.127s] -- Found rosidl_generator_c: 3.1.5 (/opt/ros/humble/share/rosidl_generator_c/cmake)
[1.137s] -- Found rosidl_adapter: 3.1.5 (/opt/ros/humble/share/rosidl_adapter/cmake)
[1.149s] -- Found rosidl_generator_cpp: 3.1.5 (/opt/ros/humble/share/rosidl_generator_cpp/cmake)
[1.166s] -- Using all available rosidl_typesupport_c: rosidl_typesupport_fastrtps_c;rosidl_typesupport_introspection_c
[1.190s] -- Using all available rosidl_typesupport_cpp: rosidl_typesupport_fastrtps_cpp;rosidl_typesupport_introspection_cpp
[1.333s] -- Found rmw_implementation_cmake: 6.1.1 (/opt/ros/humble/share/rmw_implementation_cmake/cmake)
[1.336s] -- Found rmw_fastrtps_cpp: 6.2.6 (/opt/ros/humble/share/rmw_fastrtps_cpp/cmake)
[1.544s] -- Found OpenSSL: /usr/lib/x86_64-linux-gnu/libcrypto.so (found version "3.0.2")  
[1.601s] -- Found FastRTPS: /opt/ros/humble/include  
[1.714s] -- Using RMW implementation 'rmw_fastrtps_cpp' as default
[1.736s] -- Looking for pthread.h
[1.885s] -- Looking for pthread.h - found
[1.886s] -- Performing Test CMAKE_HAVE_LIBC_PTHREAD
[2.047s] -- Performing Test CMAKE_HAVE_LIBC_PTHREAD - Success
[2.049s] -- Found Threads: TRUE  
[2.358s] -- Found sensor_msgs: 4.2.3 (/opt/ros/humble/share/sensor_msgs/cmake)
[2.627s] -- Found cv_bridge: 3.2.1 (/opt/ros/humble/share/cv_bridge/cmake)
[2.659s] -- Found OpenCV: /usr (found version "4.5.4") 
[2.662s] -- Found ament_lint_auto: 0.12.10 (/opt/ros/humble/share/ament_lint_auto/cmake)
[2.828s] -- Added test 'cppcheck' to perform static code analysis on C / C++ code
[2.829s] -- Configured cppcheck include dirs: 
[2.829s] -- Configured cppcheck exclude dirs and/or files: 
[2.831s] -- Added test 'flake8' to check Python code syntax and style conventions
[2.836s] -- Added test 'lint_cmake' to check CMake code style
[2.839s] -- Added test 'pep257' to check Python code against some of the docstring style conventions in PEP 257
[2.855s] -- Added test 'uncrustify' to check C / C++ code style
[2.855s] -- Configured uncrustify additional arguments: 
[2.858s] -- Added test 'xmllint' to check XML markup files
[2.869s] -- Configuring done
[2.895s] -- Generating done
[2.898s] -- Build files have been written to: /home/sukihan/RMhomework/answer/build/answer
[2.914s] Invoked command in '/home/sukihan/RMhomework/answer/build/answer' returned '0': CMAKE_PREFIX_PATH=/opt/ros/humble /usr/bin/cmake /home/sukihan/RMhomework/answer -DCMAKE_INSTALL_PREFIX=/home/sukihan/RMhomework/answer/install/answer
[2.919s] Invoking command in '/home/sukihan/RMhomework/answer/build/answer': CMAKE_PREFIX_PATH=/opt/ros/humble /usr/bin/cmake --build /home/sukihan/RMhomework/answer/build/answer -- -j16 -l16
[3.019s] [ 50%] [32mBuilding CXX object CMakeFiles/answer.dir/src/answer.cpp.o[0m
[3.552s] [01m[K/home/sukihan/RMhomework/answer/src/answer.cpp:6:10:[m[K [01;31m[Kfatal error: [m[Kanswer/GetClickPoint.h: æ²¡æœ‰é‚£ä¸ªæ–‡ä»¶æˆ–ç›®å½•
[3.552s]     6 | #include [01;31m[K"answer/GetClickPoint.h"[m[K
[3.552s]       |          [01;31m[K^~~~~~~~~~~~~~~~~~~~~~~~[m[K
[3.553s] compilation terminated.
[3.567s] gmake[2]: *** [CMakeFiles/answer.dir/build.make:76ï¼šCMakeFiles/answer.dir/src/answer.cpp.o] é”™è¯¯ 1
[3.567s] gmake[1]: *** [CMakeFiles/Makefile2:137ï¼šCMakeFiles/answer.dir/all] é”™è¯¯ 2
[3.568s] gmake: *** [Makefile:146ï¼šall] é”™è¯¯ 2
[3.572s] Invoked command in '/home/sukihan/RMhomework/answer/build/answer' returned '2': CMAKE_PREFIX_PATH=/opt/ros/humble /usr/bin/cmake --build /home/sukihan/RMhomework/answer/build/answer -- -j16 -l16
